Method: GET
URI: /
Time Resquest: Sun Feb 27 13:47:30 2022
Status: 200

Method: GET
URI: /
Time Resquest: Sun Feb 27 13:47:47 2022
Status: 200

Method: GET
URI: /
Time Resquest: Sun Feb 27 13:50:09 2022
Status: 200

Method: GET
URI: /joke
Time Resquest: Sun Feb 27 13:50:14 2022
Status: 200

Method: GET
URI: /leo
Time Resquest: Sun Feb 27 13:50:34 2022
Status: 404

Method: GET
URI: /joke
Time Resquest: Sun Feb 27 13:52:11 2022
Status: 200

Method: GET
URI: /home
Time Resquest: Sun Feb 27 13:56:23 2022
Status: 404

Method: GET
URI: /casa
Time Resquest: Sun Feb 27 14:03:47 2022
Status: 404

Method: GET
URI: /joke
Time Resquest: Sun Feb 27 14:03:54 2022
Status: 200

Method: GET
URI: /
Time Resquest: Sun Feb 27 14:33:53 2022
Status: 200

Method: GET
URI: /
Time Resquest: Sun Feb 27 14:38:55 2022
Status: 200

Method: GET
URI: /
Time Resquest: Sun Feb 27 14:39:32 2022
Status: 200

Method: GET
URI: /joke
Time Resquest: Sun Feb 27 14:39:55 2022
Status: 200

Method: GET
URI: /joke
Time Resquest: Sun Feb 27 14:40:26 2022
Status: 200

Method: GET
URI: /kaks
Time Resquest: Sun Feb 27 14:40:31 2022
Status: 404

Method: GET
URI: /kaks
Time Resquest: Sun Feb 27 14:43:15 2022
Status: 404

Method: GET
URI: /joke
Time Resquest: Sun Feb 27 14:43:44 2022
Status: 200

Method: GET
URI: /
Time Resquest: Sun Feb 27 14:43:47 2022
Status: 200

Method: GET
URI: /ksjdkjsdf
Time Resquest: Sun Feb 27 14:43:50 2022
Status: 404

